<?xml version="1.0" encoding="UTF-8"?>
<testsuite name="queries.QueryBuilderTest" tests="1" skipped="0" failures="0" errors="0" timestamp="2021-11-24T10:07:30" hostname="DESKTOP-HCB9KI8" time="0.019">
  <properties/>
  <testcase name="buildGenericInsertQuery()" classname="queries.QueryBuilderTest" time="0.019"/>
  <system-out><![CDATA[]]></system-out>
  <system-err><![CDATA[]]></system-err>
</testsuite>
